max steps: 18496
Using config: {'_model_dir': 'saved_models/model-qanet/', '_tf_random_seed': None, '_save_summary_steps': 100, '_save_checkpoints_steps': None, '_save_checkpoints_secs': 600, '_session_config': gpu_options {
  allow_growth: true
}
, '_keep_checkpoint_max': 5, '_keep_checkpoint_every_n_hours': 10000, '_log_step_count_steps': 100, '_train_distribute': None, '_service': None, '_cluster_spec': <tensorflow.python.training.server_lib.ClusterSpec object at 0x7f639f2740b8>, '_task_type': 'worker', '_task_id': 0, '_global_id_in_cluster': 0, '_master': '', '_evaluation_master': '', '_is_chief': True, '_num_ps_replicas': 0, '_num_worker_replicas': 1}
From /home/lzh/work/snli/src/model_qanet.py:50: calling reduce_mean (from tensorflow.python.ops.math_ops) with keep_dims is deprecated and will be removed in a future version.
Instructions for updating:
keep_dims is deprecated, use keepdims instead
From /home/lzh/work/snli/src/model_qanet.py:709: calling softmax (from tensorflow.python.ops.nn_ops) with dim is deprecated and will be removed in a future version.
Instructions for updating:
dim is deprecated, use axis instead
max steps: 18496
Using config: {'_model_dir': 'saved_models/model-qanet/', '_tf_random_seed': None, '_save_summary_steps': 100, '_save_checkpoints_steps': None, '_save_checkpoints_secs': 600, '_session_config': gpu_options {
  allow_growth: true
}
, '_keep_checkpoint_max': 5, '_keep_checkpoint_every_n_hours': 10000, '_log_step_count_steps': 100, '_train_distribute': None, '_service': None, '_cluster_spec': <tensorflow.python.training.server_lib.ClusterSpec object at 0x7f56737950b8>, '_task_type': 'worker', '_task_id': 0, '_global_id_in_cluster': 0, '_master': '', '_evaluation_master': '', '_is_chief': True, '_num_ps_replicas': 0, '_num_worker_replicas': 1}
From /home/lzh/work/snli/src/model_qanet.py:50: calling reduce_mean (from tensorflow.python.ops.math_ops) with keep_dims is deprecated and will be removed in a future version.
Instructions for updating:
keep_dims is deprecated, use keepdims instead
From /home/lzh/work/snli/src/model_qanet.py:709: calling softmax (from tensorflow.python.ops.nn_ops) with dim is deprecated and will be removed in a future version.
Instructions for updating:
dim is deprecated, use axis instead
Graph was finalized.
Running local_init_op.
Done running local_init_op.
